<?xml version="1.0" encoding="UTF-8"?>
<coverage generated="1592795398866" clover="3.2.0">
  <project timestamp="1592795398867" name="All files">
    <metrics statements="28" coveredstatements="22" conditionals="0" coveredconditionals="0" methods="10" coveredmethods="9" elements="38" coveredelements="31" complexity="0" loc="28" ncloc="28" packages="4" files="6" classes="6"/>
    <package name="vuedex">
      <metrics statements="2" coveredstatements="0" conditionals="0" coveredconditionals="0" methods="0" coveredmethods="0"/>
      <file name="babel.config.js" path="/Users/ariel/Desktop/Vuedex/vuedex/babel.config.js">
        <metrics statements="1" coveredstatements="0" conditionals="0" coveredconditionals="0" methods="0" coveredmethods="0"/>
        <line num="1" count="0" type="stmt"/>
      </file>
      <file name="jest.config.js" path="/Users/ariel/Desktop/Vuedex/vuedex/jest.config.js">
        <metrics statements="1" coveredstatements="0" conditionals="0" coveredconditionals="0" methods="0" coveredmethods="0"/>
        <line num="1" count="0" type="stmt"/>
      </file>
    </package>
    <package name="vuedex.public">
      <metrics statements="2" coveredstatements="2" conditionals="0" coveredconditionals="0" methods="2" coveredmethods="2"/>
      <file name="mockCall.js" path="/Users/ariel/Desktop/Vuedex/vuedex/public/mockCall.js">
        <metrics statements="2" coveredstatements="2" conditionals="0" coveredconditionals="0" methods="2" coveredmethods="2"/>
        <line num="2" count="5" type="stmt"/>
        <line num="43" count="6" type="stmt"/>
      </file>
    </package>
    <package name="vuedex.src">
      <metrics statements="21" coveredstatements="17" conditionals="0" coveredconditionals="0" methods="6" coveredmethods="5"/>
      <file name="App.vue" path="/Users/ariel/Desktop/Vuedex/vuedex/src/App.vue">
        <metrics statements="18" coveredstatements="17" conditionals="0" coveredconditionals="0" methods="5" coveredmethods="5"/>
        <line num="29" count="5" type="stmt"/>
        <line num="30" count="5" type="stmt"/>
        <line num="37" count="5" type="stmt"/>
        <line num="50" count="11" type="stmt"/>
        <line num="77" count="6" type="stmt"/>
        <line num="78" count="6" type="stmt"/>
        <line num="79" count="6" type="stmt"/>
        <line num="80" count="6" type="stmt"/>
        <line num="81" count="6" type="stmt"/>
        <line num="82" count="6" type="stmt"/>
        <line num="83" count="6" type="stmt"/>
        <line num="84" count="6" type="stmt"/>
        <line num="85" count="6" type="stmt"/>
        <line num="86" count="6" type="stmt"/>
        <line num="89" count="0" type="stmt"/>
        <line num="98" count="5" type="stmt"/>
        <line num="101" count="5" type="stmt"/>
        <line num="102" count="5" type="stmt"/>
      </file>
      <file name="main.js" path="/Users/ariel/Desktop/Vuedex/vuedex/src/main.js">
        <metrics statements="3" coveredstatements="0" conditionals="0" coveredconditionals="0" methods="1" coveredmethods="0"/>
        <line num="4" count="0" type="stmt"/>
        <line num="6" count="0" type="stmt"/>
        <line num="7" count="0" type="stmt"/>
      </file>
    </package>
    <package name="vuedex.tests.unit">
      <metrics statements="3" coveredstatements="3" conditionals="0" coveredconditionals="0" methods="2" coveredmethods="2"/>
      <file name="jestTest.js" path="/Users/ariel/Desktop/Vuedex/vuedex/tests/unit/jestTest.js">
        <metrics statements="3" coveredstatements="3" conditionals="0" coveredconditionals="0" methods="2" coveredmethods="2"/>
        <line num="3" count="1" type="stmt"/>
        <line num="16" count="1" type="stmt"/>
        <line num="26" count="1" type="stmt"/>
      </file>
    </package>
  </project>
</coverage>
