{"/Users/ariel/Desktop/Vuedex/vuedex/babel.config.js": {"path":"/Users/ariel/Desktop/Vuedex/vuedex/babel.config.js","statementMap":{"0":{"start":{"line":1,"column":0},"end":{"line":5,"column":1}}},"fnMap":{},"branchMap":{},"s":{"0":0},"f":{},"b":{},"hash":"edc9dd1d3459630bdb54e0c0dee68d3932765bb5"}
,"/Users/ariel/Desktop/Vuedex/vuedex/jest.config.js": {"path":"/Users/ariel/Desktop/Vuedex/vuedex/jest.config.js","statementMap":{"0":{"start":{"line":1,"column":0},"end":{"line":5,"column":1}}},"fnMap":{},"branchMap":{},"s":{"0":0},"f":{},"b":{},"hash":"bc91cb14974587c395cb955777a2e93e696849cd"}
,"/Users/ariel/Desktop/Vuedex/vuedex/public/mockCall.js": {"path":"/Users/ariel/Desktop/Vuedex/vuedex/public/mockCall.js","statementMap":{"0":{"start":{"line":2,"column":1},"end":{"line":41,"column":1}},"1":{"start":{"line":43,"column":25},"end":{"line":43,"column":71}},"2":{"start":{"line":43,"column":31},"end":{"line":43,"column":71}},"3":{"start":{"line":43,"column":54},"end":{"line":43,"column":70}}},"fnMap":{"0":{"name":"(anonymous_0)","decl":{"start":{"line":43,"column":25},"end":{"line":43,"column":26}},"loc":{"start":{"line":43,"column":31},"end":{"line":43,"column":71}},"line":43},"1":{"name":"(anonymous_1)","decl":{"start":{"line":43,"column":43},"end":{"line":43,"column":44}},"loc":{"start":{"line":43,"column":54},"end":{"line":43,"column":70}},"line":43}},"branchMap":{},"s":{"0":5,"1":5,"2":6,"3":6},"f":{"0":6,"1":6},"b":{},"_coverageSchema":"43e27e138ebf9cfc5966b082cf9a028302ed4184","hash":"81b2b020c4bb0f8bf26ede5c73d8450cffd270f4"}
,"/Users/ariel/Desktop/Vuedex/vuedex/src/App.vue": {"path":"/Users/ariel/Desktop/Vuedex/vuedex/src/App.vue","statementMap":{"0":{"start":{"line":29,"column":0},"end":{"line":29,"column":null}},"1":{"start":{"line":30,"column":0},"end":{"line":30,"column":null}},"2":{"start":{"line":37,"column":0},"end":{"line":37,"column":null}},"3":{"start":{"line":50,"column":0},"end":{"line":50,"column":null}},"4":{"start":{"line":77,"column":0},"end":{"line":90,"column":null}},"5":{"start":{"line":78,"column":0},"end":{"line":78,"column":null}},"6":{"start":{"line":79,"column":0},"end":{"line":79,"column":null}},"7":{"start":{"line":80,"column":0},"end":{"line":80,"column":null}},"8":{"start":{"line":81,"column":0},"end":{"line":81,"column":null}},"9":{"start":{"line":82,"column":0},"end":{"line":82,"column":null}},"10":{"start":{"line":83,"column":0},"end":{"line":83,"column":null}},"11":{"start":{"line":84,"column":0},"end":{"line":84,"column":null}},"12":{"start":{"line":85,"column":0},"end":{"line":85,"column":null}},"13":{"start":{"line":86,"column":0},"end":{"line":86,"column":null}},"14":{"start":{"line":89,"column":0},"end":{"line":89,"column":null}},"15":{"start":{"line":98,"column":0},"end":{"line":103,"column":null}},"16":{"start":{"line":101,"column":0},"end":{"line":101,"column":null}},"17":{"start":{"line":102,"column":0},"end":{"line":102,"column":null}}},"fnMap":{"0":{"name":"(anonymous_1)","decl":{"start":{"line":36,"column":0},"end":{"line":36,"column":null}},"loc":{"start":{"line":36,"column":0},"end":{"line":47,"column":null}}},"1":{"name":"(anonymous_2)","decl":{"start":{"line":49,"column":0},"end":{"line":49,"column":null}},"loc":{"start":{"line":49,"column":0},"end":{"line":51,"column":null}}},"2":{"name":"(anonymous_3)","decl":{"start":{"line":76,"column":0},"end":{"line":76,"column":null}},"loc":{"start":{"line":76,"column":0},"end":{"line":91,"column":null}}},"3":{"name":"(anonymous_4)","decl":{"start":{"line":93,"column":0},"end":{"line":93,"column":null}},"loc":{"start":{"line":93,"column":0},"end":{"line":105,"column":null}}},"4":{"name":"(anonymous_5)","decl":{"start":{"line":98,"column":0},"end":{"line":98,"column":null}},"loc":{"start":{"line":98,"column":0},"end":{"line":103,"column":null}}}},"branchMap":{},"s":{"0":5,"1":5,"2":5,"3":11,"4":6,"5":6,"6":6,"7":6,"8":6,"9":6,"10":6,"11":6,"12":6,"13":6,"14":0,"15":5,"16":5,"17":5},"f":{"0":5,"1":11,"2":6,"3":5,"4":5},"b":{}}
,"/Users/ariel/Desktop/Vuedex/vuedex/src/main.js": {"path":"/Users/ariel/Desktop/Vuedex/vuedex/src/main.js","statementMap":{"0":{"start":{"line":4,"column":0},"end":{"line":4,"column":32}},"1":{"start":{"line":6,"column":0},"end":{"line":8,"column":17}},"2":{"start":{"line":7,"column":15},"end":{"line":7,"column":21}}},"fnMap":{"0":{"name":"(anonymous_0)","decl":{"start":{"line":7,"column":10},"end":{"line":7,"column":11}},"loc":{"start":{"line":7,"column":15},"end":{"line":7,"column":21}},"line":7}},"branchMap":{},"s":{"0":0,"1":0,"2":0},"f":{"0":0},"b":{},"hash":"8361f332e0a0f8d19de8a05bbd6093480930dd79"}
,"/Users/ariel/Desktop/Vuedex/vuedex/tests/unit/jestTest.js": {"path":"/Users/ariel/Desktop/Vuedex/vuedex/tests/unit/jestTest.js","statementMap":{"0":{"start":{"line":3,"column":4},"end":{"line":9,"column":5}},"1":{"start":{"line":16,"column":4},"end":{"line":22,"column":5}},"2":{"start":{"line":26,"column":0},"end":{"line":32,"column":1}}},"fnMap":{"0":{"name":"huevo","decl":{"start":{"line":1,"column":10},"end":{"line":1,"column":15}},"loc":{"start":{"line":1,"column":18},"end":{"line":11,"column":1}},"line":1},"1":{"name":"espinaca","decl":{"start":{"line":14,"column":10},"end":{"line":14,"column":18}},"loc":{"start":{"line":14,"column":21},"end":{"line":24,"column":1}},"line":14}},"branchMap":{},"s":{"0":1,"1":1,"2":1},"f":{"0":1,"1":1},"b":{},"_coverageSchema":"43e27e138ebf9cfc5966b082cf9a028302ed4184","hash":"794d8371c14be8818e0bd70d6ddb86e8140d47ff"}
}
