TN:
SF:/Users/ariel/Desktop/Vuedex/vuedex/babel.config.js
FNF:0
FNH:0
DA:1,0
LF:1
LH:0
BRF:0
BRH:0
end_of_record
TN:
SF:/Users/ariel/Desktop/Vuedex/vuedex/jest.config.js
FNF:0
FNH:0
DA:1,0
LF:1
LH:0
BRF:0
BRH:0
end_of_record
TN:
SF:/Users/ariel/Desktop/Vuedex/vuedex/public/mockCall.js
FN:43,(anonymous_0)
FN:43,(anonymous_1)
FNF:2
FNH:2
FNDA:6,(anonymous_0)
FNDA:6,(anonymous_1)
DA:2,5
DA:43,6
LF:2
LH:2
BRF:0
BRH:0
end_of_record
TN:
SF:/Users/ariel/Desktop/Vuedex/vuedex/src/App.vue
FN:36,(anonymous_1)
FN:49,(anonymous_2)
FN:76,(anonymous_3)
FN:93,(anonymous_4)
FN:98,(anonymous_5)
FNF:5
FNH:5
FNDA:5,(anonymous_1)
FNDA:11,(anonymous_2)
FNDA:6,(anonymous_3)
FNDA:5,(anonymous_4)
FNDA:5,(anonymous_5)
DA:29,5
DA:30,5
DA:37,5
DA:50,11
DA:77,6
DA:78,6
DA:79,6
DA:80,6
DA:81,6
DA:82,6
DA:83,6
DA:84,6
DA:85,6
DA:86,6
DA:89,0
DA:98,5
DA:101,5
DA:102,5
LF:18
LH:17
BRF:0
BRH:0
end_of_record
TN:
SF:/Users/ariel/Desktop/Vuedex/vuedex/src/main.js
FN:7,(anonymous_0)
FNF:1
FNH:0
FNDA:0,(anonymous_0)
DA:4,0
DA:6,0
DA:7,0
LF:3
LH:0
BRF:0
BRH:0
end_of_record
TN:
SF:/Users/ariel/Desktop/Vuedex/vuedex/tests/unit/jestTest.js
FN:1,huevo
FN:14,espinaca
FNF:2
FNH:2
FNDA:1,huevo
FNDA:1,espinaca
DA:3,1
DA:16,1
DA:26,1
LF:3
LH:3
BRF:0
BRH:0
end_of_record
